TN:
SF:server.js
FN:21,(anonymous_0)
FN:26,(anonymous_1)
FN:53,generateToken
FN:59,authMiddleware
FN:63,(anonymous_4)
FN:69,(anonymous_5)
FN:72,(anonymous_6)
FN:74,(anonymous_7)
FN:81,(anonymous_8)
FN:158,(anonymous_9)
FN:174,(anonymous_10)
FN:184,(anonymous_11)
FN:198,(anonymous_12)
FN:211,(anonymous_13)
FN:225,(anonymous_14)
FNF:15
FNH:13
FNDA:7,(anonymous_0)
FNDA:1,(anonymous_1)
FNDA:5,generateToken
FNDA:42,authMiddleware
FNDA:35,(anonymous_4)
FNDA:0,(anonymous_5)
FNDA:9,(anonymous_6)
FNDA:9,(anonymous_7)
FNDA:25,(anonymous_8)
FNDA:20,(anonymous_9)
FNDA:7,(anonymous_10)
FNDA:8,(anonymous_11)
FNDA:4,(anonymous_12)
FNDA:2,(anonymous_13)
FNDA:0,(anonymous_14)
DA:1,8
DA:2,8
DA:3,8
DA:4,8
DA:5,8
DA:6,8
DA:8,8
DA:9,8
DA:11,8
DA:12,8
DA:14,8
DA:15,8
DA:16,8
DA:20,8
DA:22,7
DA:23,7
DA:24,7
DA:27,1
DA:28,1
DA:33,8
DA:51,8
DA:54,5
DA:60,42
DA:61,42
DA:63,35
DA:64,35
DA:65,34
DA:66,34
DA:69,8
DA:70,0
DA:72,8
DA:73,9
DA:74,9
DA:75,9
DA:76,4
DA:78,5
DA:81,8
DA:86,25
DA:88,25
DA:91,24
DA:92,24
DA:93,21
DA:94,3
DA:95,2
DA:96,2
DA:99,24
DA:100,2
DA:103,22
DA:104,22
DA:105,20
DA:106,20
DA:108,20
DA:110,20
DA:138,20
DA:139,20
DA:140,20
DA:142,20
DA:148,20
DA:151,20
DA:152,20
DA:154,20
DA:158,20
DA:159,20
DA:160,0
DA:161,0
DA:163,20
DA:164,20
DA:168,2
DA:169,2
DA:174,8
DA:175,7
DA:176,7
DA:177,7
DA:179,7
DA:184,8
DA:191,7
DA:193,0
DA:194,0
DA:198,8
DA:199,4
DA:200,4
DA:201,3
DA:203,3
DA:204,3
DA:206,3
DA:207,3
DA:211,8
DA:212,2
DA:213,2
DA:214,2
DA:215,2
DA:216,2
DA:218,0
DA:219,0
DA:224,8
DA:225,0
DA:226,0
DA:231,8
LF:98
LH:89
BRDA:9,0,0,8
BRDA:9,0,1,0
BRDA:14,1,0,8
BRDA:14,1,1,0
BRDA:54,2,0,5
BRDA:54,2,1,0
BRDA:61,3,0,7
BRDA:61,3,1,35
BRDA:63,4,0,35
BRDA:63,4,1,0
BRDA:64,5,0,1
BRDA:64,5,1,34
BRDA:75,6,0,4
BRDA:75,6,1,5
BRDA:75,7,0,9
BRDA:75,7,1,8
BRDA:88,8,0,1
BRDA:88,8,1,24
BRDA:92,9,0,21
BRDA:92,9,1,3
BRDA:92,10,0,24
BRDA:92,10,1,21
BRDA:94,11,0,2
BRDA:94,11,1,1
BRDA:94,12,0,3
BRDA:94,12,1,1
BRDA:94,12,2,0
BRDA:96,13,0,1
BRDA:96,13,1,1
BRDA:96,14,0,2
BRDA:96,14,1,2
BRDA:96,14,2,2
BRDA:99,15,0,2
BRDA:99,15,1,22
BRDA:108,16,0,20
BRDA:108,16,1,0
BRDA:108,16,2,0
BRDA:110,17,0,20
BRDA:110,17,1,0
BRDA:151,18,0,19
BRDA:151,18,1,1
BRDA:151,19,0,20
BRDA:151,19,1,19
BRDA:159,20,0,0
BRDA:159,20,1,20
BRDA:177,21,0,2
BRDA:177,21,1,5
BRDA:187,22,0,8
BRDA:187,22,1,0
BRDA:224,23,0,0
BRDA:224,23,1,8
BRF:51
BRH:40
end_of_record
